<?xml version="1.0" encoding="UTF-8"?>
<!-- Generated by org.testng.reporters.JUnitXMLReporter -->
<testsuite hostname="ARP-260" ignored="10" name="Validate Regression Tests" tests="1" failures="0" timestamp="07 Feb 2020 11:35:15 GMT" time="30.352" errors="0">
  <testcase name="Validate_spend_provider_29" time="30.327" classname="tests.LatestRegressionSuite_4"/>
  <testcase name="Validate_calendar_27" time="0.0" classname="tests.LatestRegressionSuite_4">
    <ignored/>
  </testcase> <!-- Validate_calendar_27 -->
  <testcase name="Validate_catalog_consulting_24" time="0.0" classname="tests.LatestRegressionSuite_4">
    <ignored/>
  </testcase> <!-- Validate_catalog_consulting_24 -->
  <testcase name="Validate_catalog_platform_23" time="0.0" classname="tests.LatestRegressionSuite_4">
    <ignored/>
  </testcase> <!-- Validate_catalog_platform_23 -->
  <testcase name="Validate_insight_28" time="0.0" classname="tests.LatestRegressionSuite_4">
    <ignored/>
  </testcase> <!-- Validate_insight_28 -->
  <testcase name="Validate_DiscoverCase_No_1_19_FORAPP" time="0.0" classname="tests.LatestRegressionSuite_4">
    <ignored/>
  </testcase> <!-- Validate_DiscoverCase_No_1_19_FORAPP -->
  <testcase name="Validate_catalog_Application_21" time="0.0" classname="tests.LatestRegressionSuite_4">
    <ignored/>
  </testcase> <!-- Validate_catalog_Application_21 -->
  <testcase name="Validate_catalog_infra_22" time="0.0" classname="tests.LatestRegressionSuite_4">
    <ignored/>
  </testcase> <!-- Validate_catalog_infra_22 -->
  <testcase name="Validate_manage_tab_25" time="0.0" classname="tests.LatestRegressionSuite_4">
    <ignored/>
  </testcase> <!-- Validate_manage_tab_25 -->
  <testcase name="Validate_DiscoverCase_No_2_20_FORINFRA" time="0.0" classname="tests.LatestRegressionSuite_4">
    <ignored/>
  </testcase> <!-- Validate_DiscoverCase_No_2_20_FORINFRA -->
  <testcase name="Validate_product_mgmt_page_26" time="0.0" classname="tests.LatestRegressionSuite_4">
    <ignored/>
  </testcase> <!-- Validate_product_mgmt_page_26 -->
</testsuite> <!-- Validate Regression Tests -->
