<?xml version="1.0" encoding="UTF-8"?>
<!-- Generated by org.testng.reporters.JUnitXMLReporter -->
<testsuite hostname="ARP-260" ignored="0" name="Validate Tests" tests="5" failures="0" timestamp="20 Jan 2020 06:40:01 GMT" time="847.935" errors="0">
  <testcase name="Validate_AccountCreation_ProcessOne_8" time="234.452" classname="tests.LatestRegressionSuite_2"/>
  <testcase name="Validate_AccountCreation_ProcessTwo_9" time="233.647" classname="tests.LatestRegressionSuite_2"/>
  <testcase name="Validate_AccountCreation_ProcessTwo_10" time="125.506" classname="tests.LatestRegressionSuite_2"/>
  <testcase name="Validate_ForgotPassword_11" time="18.81" classname="tests.LatestRegressionSuite_2"/>
  <testcase name="Validate_HomePage_13" time="235.428" classname="tests.LatestRegressionSuite_2"/>
</testsuite> <!-- Validate Tests -->
