<?xml version="1.0" encoding="UTF-8"?>
<!-- Generated by org.testng.reporters.JUnitXMLReporter -->
<testsuite hostname="ARP-260" ignored="4" name="Validate Smoke regression Tests" tests="1" failures="0" timestamp="30 Oct 2020 15:51:33 GMT" time="557.73" errors="0">
  <testcase name="Validate_UM_and_Logout_59_60" time="557.697" classname="tests.LatestRegressionSuite_6"/>
  <testcase name="Validate_loginspecificcase_61" time="0.0" classname="tests.LatestRegressionSuite_6">
    <ignored/>
  </testcase> <!-- Validate_loginspecificcase_61 -->
  <testcase name="Validate_myprofileEditprof_56" time="0.0" classname="tests.LatestRegressionSuite_6">
    <ignored/>
  </testcase> <!-- Validate_myprofileEditprof_56 -->
  <testcase name="Validate_payment_58" time="0.0" classname="tests.LatestRegressionSuite_6">
    <ignored/>
  </testcase> <!-- Validate_payment_58 -->
  <testcase name="Validate_notifmgmt_57" time="0.0" classname="tests.LatestRegressionSuite_6">
    <ignored/>
  </testcase> <!-- Validate_notifmgmt_57 -->
</testsuite> <!-- Validate Smoke regression Tests -->
