<?xml version="1.0" encoding="UTF-8"?>
<!-- Generated by org.testng.reporters.JUnitXMLReporter -->
<testsuite hostname="ARP-260" ignored="8" name="Validate Smoke regression Tests" tests="2" failures="0" timestamp="04 Nov 2020 06:39:22 GMT" time="175.4" errors="0">
  <testcase name="Validate_procurment_17_b" time="175.362" classname="tests.LatestRegressionSuite_2"/>
  <testcase name="Validate_multiple_service_procurment_14" time="0.001" classname="tests.LatestRegressionSuite_2"/>
  <testcase name="Validate_AccountCreation_ProcessTwo_9" time="0.0" classname="tests.LatestRegressionSuite_2">
    <ignored/>
  </testcase> <!-- Validate_AccountCreation_ProcessTwo_9 -->
  <testcase name="Validate_AccountCreation_ProcessTwo_10" time="0.0" classname="tests.LatestRegressionSuite_2">
    <ignored/>
  </testcase> <!-- Validate_AccountCreation_ProcessTwo_10 -->
  <testcase name="Validate_HomePage_13" time="0.0" classname="tests.LatestRegressionSuite_2">
    <ignored/>
  </testcase> <!-- Validate_HomePage_13 -->
  <testcase name="Validate_HeaderFooter_12" time="0.0" classname="tests.LatestRegressionSuite_2">
    <ignored/>
  </testcase> <!-- Validate_HeaderFooter_12 -->
  <testcase name="Validate_ForgotPassword_11" time="0.0" classname="tests.LatestRegressionSuite_2">
    <ignored/>
  </testcase> <!-- Validate_ForgotPassword_11 -->
  <testcase name="Validate_procurment_17_a" time="0.0" classname="tests.LatestRegressionSuite_2">
    <ignored/>
  </testcase> <!-- Validate_procurment_17_a -->
  <testcase name="Validate_procurment_17" time="0.0" classname="tests.LatestRegressionSuite_2">
    <ignored/>
  </testcase> <!-- Validate_procurment_17 -->
  <testcase name="Validate_AccountCreation_ProcessOne_8" time="0.0" classname="tests.LatestRegressionSuite_2">
    <ignored/>
  </testcase> <!-- Validate_AccountCreation_ProcessOne_8 -->
</testsuite> <!-- Validate Smoke regression Tests -->
