<?xml version="1.0" encoding="UTF-8"?>
<testng-results skipped="0" failed="0" ignored="8" total="10" passed="2">
  <reporter-output>
  </reporter-output>
  <suite name="SmokeTestSuite1" duration-ms="175400" started-at="2020-11-04T06:36:26Z" finished-at="2020-11-04T06:39:22Z">
    <groups>
    </groups>
    <test name="Validate Smoke regression Tests" duration-ms="175400" started-at="2020-11-04T06:36:26Z" finished-at="2020-11-04T06:39:22Z">
      <class name="tests.LatestRegressionSuite_2">
        <test-method status="PASS" signature="Validate_procurment_17_b(java.lang.String, java.lang.String, java.lang.String, java.lang.String, java.lang.String)[pri:5, instance:tests.LatestRegressionSuite_2@78b66d36]" name="Validate_procurment_17_b" duration-ms="175362" started-at="2020-11-04T11:36:26Z" finished-at="2020-11-04T11:39:22Z">
          <params>
            <param index="0">
              <value>
                <![CDATA[https://ccpuat-customerportal.arpatech.com/auth/login]]>
              </value>
            </param>
            <param index="1">
              <value>
                <![CDATA[jdbc:mysql://18.211.175.203:3306/database_business]]>
              </value>
            </param>
            <param index="2">
              <value>
                <![CDATA[saima]]>
              </value>
            </param>
            <param index="3">
              <value>
                <![CDATA[ArpatecH157]]>
              </value>
            </param>
            <param index="4">
              <value>
                <![CDATA[uat]]>
              </value>
            </param>
          </params>
          <reporter-output>
          </reporter-output>
        </test-method> <!-- Validate_procurment_17_b -->
        <test-method status="PASS" signature="Validate_multiple_service_procurment_14()[pri:12, instance:tests.LatestRegressionSuite_2@78b66d36]" name="Validate_multiple_service_procurment_14" duration-ms="1" started-at="2020-11-04T11:39:22Z" finished-at="2020-11-04T11:39:22Z">
          <reporter-output>
          </reporter-output>
        </test-method> <!-- Validate_multiple_service_procurment_14 -->
      </class> <!-- tests.LatestRegressionSuite_2 -->
    </test> <!-- Validate Smoke regression Tests -->
  </suite> <!-- SmokeTestSuite1 -->
</testng-results>
